<?xml version="1.0" encoding="UTF-8"?>
<!-- Generated by org.testng.reporters.JUnitXMLReporter -->
<testsuite ignored="0" hostname="AKASH" failures="0" tests="11" name="Default test" time="106.175" errors="0" timestamp="2025-09-03T19:09:21 IST">
  <testcase classname="com.automationexercise.tests.ContactUsTest" name="testContactUsForm" time="4.591"/>
  <testcase classname="com.automationexercise.tests.ContactUsTest" name="testContactUsForm" time="4.379"/>
  <testcase classname="com.automationexercise.tests.ContactUsTest" name="testContactUsForm" time="16.072"/>
  <testcase classname="com.automationexercise.tests.ContactUsTest" name="testContactUsForm" time="14.232"/>
  <testcase classname="com.automationexercise.tests.ContactUsTest" name="testContactUsForm" time="4.702"/>
  <testcase classname="com.automationexercise.tests.ContactUsTest" name="verifyAllInputFieldsVisible" time="3.311"/>
  <testcase classname="com.automationexercise.tests.ContactUsTest" name="verifyContactUsPageLoadsProperly" time="3.272"/>
  <testcase classname="com.automationexercise.tests.ContactUsTest" name="verifyContactUsPageTitle" time="31.921"/>
  <testcase classname="com.automationexercise.tests.ContactUsTest" name="verifyFeedbackSectionVisible" time="3.169"/>
  <testcase classname="com.automationexercise.tests.ContactUsTest" name="verifyPlaceholderTexts" time="3.368"/>
  <testcase classname="com.automationexercise.tests.ContactUsTest" name="verifySubmitButtonEnabled" time="4.373"/>
</testsuite> <!-- Default test -->
