<?xml version="1.0" encoding="UTF-8"?>
<!-- Generated by org.testng.reporters.JUnitXMLReporter -->
<testsuite ignored="10" hostname="AKASH" failures="0" tests="43" name="chrome - Smoke+Functional" time="510.991" errors="0" timestamp="2025-09-03T19:38:01 IST">
  <testcase classname="com.automationexercise.tests.TC_VideoTutorialsTest" name="TC_CheckVideoTutorialsIcon" time="14.02"/>
  <testcase classname="com.automationexercise.tests.TC_ECOM_Tests" name="TC_ECOM_TestCase_001" time="4.607"/>
  <testcase classname="com.automationexercise.tests.TC_ECOM_Tests" name="TC_ECOM_TestCase_002" time="13.834"/>
  <testcase classname="com.automationexercise.tests.TC_ECOM_Tests" name="TC_ECOM_TestCase_003" time="34.237"/>
  <testcase classname="com.automationexercise.tests.TC_ECOM_Tests" name="TC_ECOM_TestCase_004" time="5.01"/>
  <testcase classname="com.automationexercise.tests.TC_ECOM_Tests" name="TC_ECOM_TestCase_005" time="4.711"/>
  <testcase classname="com.automationexercise.tests.ContactUsTest" name="testContactUsForm" time="5.521"/>
  <testcase classname="com.automationexercise.tests.ContactUsTest" name="testContactUsForm" time="5.649"/>
  <testcase classname="com.automationexercise.tests.ContactUsTest" name="testContactUsForm" time="24.756"/>
  <testcase classname="com.automationexercise.tests.ContactUsTest" name="testContactUsForm" time="4.103"/>
  <testcase classname="com.automationexercise.tests.ContactUsTest" name="testContactUsForm" time="4.401"/>
  <testcase classname="com.automationexercise.tests.SubscriptionTest" name="testSubscriptionForm" time="4.942"/>
  <testcase classname="com.automationexercise.tests.SubscriptionTest" name="testSubscriptionForm" time="5.144"/>
  <testcase classname="com.automationexercise.tests.SubscriptionTest" name="testSubscriptionForm" time="5.327"/>
  <testcase classname="com.automationexercise.tests.ContactUsTest" name="verifyAllInputFieldsVisible" time="3.521"/>
  <testcase classname="com.automationexercise.tests.ContactUsTest" name="verifyContactUsPageLoadsProperly" time="3.842"/>
  <testcase classname="com.automationexercise.tests.ContactUsTest" name="verifyContactUsPageTitle" time="2.93"/>
  <testcase classname="com.automationexercise.tests.SubscriptionTest" name="verifyEmailFieldEnabled" time="4.204"/>
  <testcase classname="com.automationexercise.tests.SubscriptionTest" name="verifyEmailPlaceholder" time="5.741"/>
  <testcase classname="com.automationexercise.tests.ContactUsTest" name="verifyFeedbackSectionVisible" time="3.689"/>
  <testcase classname="com.automationexercise.tests.HomePageTest" name="verifyHomePageTitle" time="6.503"/>
  <testcase classname="com.automationexercise.tests.HomePageTest" name="verifyLogoIsDisplayed" time="29.486"/>
  <testcase classname="com.automationexercise.tests.ContactUsTest" name="verifyPlaceholderTexts" time="20.847"/>
  <testcase classname="com.automationexercise.tests.ContactUsTest" name="verifySubmitButtonEnabled" time="2.989"/>
  <testcase classname="com.automationexercise.tests.SubscriptionTest" name="verifySubscribeButtonEnabled" time="3.672"/>
  <testcase classname="com.automationexercise.tests.SubscriptionTest" name="verifySubscriptionSectionVisible" time="4.523"/>
  <testcase classname="com.automationexercise.tests.LoginTest" name="verifyLoginPageIsDisplayed" time="32.576"/>
  <testcase classname="com.automationexercise.tests.LoginTest" name="verifyLoginHeaderVisible" time="3.643"/>
  <testcase classname="com.automationexercise.tests.LoginTest" name="verifyNewUserSignupHeaderVisible" time="4.576"/>
  <testcase classname="com.automationexercise.tests.LoginTest" name="verifyLoginButtonVisibleAndClickable" time="3.467"/>
  <testcase classname="com.automationexercise.tests.LoginTest" name="verifySignUpButtonVisibleAndClickable" time="15.836"/>
  <testcase classname="com.automationexercise.tests.LoginTest" name="verifySignUpSectionIsDisplayed" time="6.603"/>
  <testcase classname="com.automationexercise.tests.LoginTest" name="verifyUserRegistration" time="5.585"/>
  <testcase classname="com.automationexercise.tests.LoginTest" name="verifyEnterAccountInformationHeaderIsDisplayed" time="11.714"/>
  <testcase classname="com.automationexercise.tests.LoginTest" name="verifyAddressInformationHeaderIsDisplayed" time="5.02"/>
  <testcase classname="com.automationexercise.tests.LoginTest" name="registerUserFromExcel" time="18.538"/>
  <testcase classname="com.automationexercise.tests.LoginTest" name="registerUserFromExcel" time="44.98"/>
  <testcase classname="com.automationexercise.tests.LoginTest" name="registerUserFromExcel" time="13.52"/>
  <testcase classname="com.automationexercise.tests.LoginTest" name="verifyLogin" time="10.464"/>
  <testcase classname="com.automationexercise.tests.LoginTest" name="verifyLogout" time="10.511"/>
  <testcase classname="com.automationexercise.tests.LoginTest" name="verifyLoginWithInvalidCredentialsFromExcel" time="16.771"/>
  <testcase classname="com.automationexercise.tests.LoginTest" name="verifyLoginWithValidEmailAndWrongPassword" time="17.344"/>
  <testcase classname="com.automationexercise.tests.LoginTest" name="verifySignUpWithInvalidEmailFormat_FromExcel" time="6.886"/>
  <testcase classname="com.automationexercise.base.BaseTest" name="@AfterSuite flushReport" time="0.0">
    <ignored/>
  </testcase> <!-- @AfterSuite flushReport -->
  <testcase classname="com.automationexercise.base.BaseTest" name="@AfterSuite flushReport" time="0.0">
    <ignored/>
  </testcase> <!-- @AfterSuite flushReport -->
  <testcase classname="com.automationexercise.base.BaseTest" name="@BeforeSuite setupReport" time="0.0">
    <ignored/>
  </testcase> <!-- @BeforeSuite setupReport -->
  <testcase classname="com.automationexercise.base.BaseTest" name="@BeforeSuite setupReport" time="0.0">
    <ignored/>
  </testcase> <!-- @BeforeSuite setupReport -->
  <testcase classname="com.automationexercise.base.BaseTest" name="@AfterSuite flushReport" time="0.0">
    <ignored/>
  </testcase> <!-- @AfterSuite flushReport -->
  <testcase classname="com.automationexercise.base.BaseTest" name="@BeforeSuite setupReport" time="0.0">
    <ignored/>
  </testcase> <!-- @BeforeSuite setupReport -->
  <testcase classname="com.automationexercise.base.BaseTest" name="@AfterSuite flushReport" time="0.0">
    <ignored/>
  </testcase> <!-- @AfterSuite flushReport -->
  <testcase classname="com.automationexercise.base.BaseTest" name="@BeforeSuite setupReport" time="0.0">
    <ignored/>
  </testcase> <!-- @BeforeSuite setupReport -->
  <testcase classname="com.automationexercise.base.BaseTest" name="@BeforeSuite setupReport" time="0.0">
    <ignored/>
  </testcase> <!-- @BeforeSuite setupReport -->
  <testcase classname="com.automationexercise.base.BaseTest" name="@AfterSuite flushReport" time="0.0">
    <ignored/>
  </testcase> <!-- @AfterSuite flushReport -->
</testsuite> <!-- chrome - Smoke+Functional -->
