<?xml version="1.0" encoding="UTF-8"?>
<!-- Generated by org.testng.reporters.JUnitXMLReporter -->
<testsuite ignored="2" hostname="AKASH" failures="0" tests="14" name="chrome - Smoke+Functional" time="197.36" errors="0" timestamp="2025-09-03T12:28:40 IST">
  <testcase classname="com.automationexercise.tests.HomePageTest" name="verifyHomePageTitle" time="33.96"/>
  <testcase classname="com.automationexercise.tests.HomePageTest" name="verifyLogoIsDisplayed" time="13.135"/>
  <testcase classname="com.automationexercise.tests.LoginTest" name="verifyLoginPageIsDisplayed" time="3.559"/>
  <testcase classname="com.automationexercise.tests.LoginTest" name="verifyLoginHeaderVisible" time="3.968"/>
  <testcase classname="com.automationexercise.tests.LoginTest" name="verifyNewUserSignupHeaderVisible" time="3.456"/>
  <testcase classname="com.automationexercise.tests.LoginTest" name="verifySignUpSectionIsDisplayed" time="14.659"/>
  <testcase classname="com.automationexercise.tests.LoginTest" name="verifyUserRegistration" time="6.879"/>
  <testcase classname="com.automationexercise.tests.LoginTest" name="verifyEnterAccountInformationHeaderIsDisplayed" time="7.061"/>
  <testcase classname="com.automationexercise.tests.LoginTest" name="verifyAddressInformationHeaderIsDisplayed" time="8.365"/>
  <testcase classname="com.automationexercise.tests.LoginTest" name="registerUserFromExcel" time="18.726"/>
  <testcase classname="com.automationexercise.tests.LoginTest" name="registerUserFromExcel" time="14.757"/>
  <testcase classname="com.automationexercise.tests.LoginTest" name="registerUserFromExcel" time="16.365"/>
  <testcase classname="com.automationexercise.tests.LoginTest" name="verifyLogin" time="21.303"/>
  <testcase classname="com.automationexercise.tests.LoginTest" name="verifyLogout" time="11.731"/>
  <testcase classname="com.automationexercise.base.BaseTest" name="@BeforeSuite setupReport" time="0.0">
    <ignored/>
  </testcase> <!-- @BeforeSuite setupReport -->
  <testcase classname="com.automationexercise.base.BaseTest" name="@AfterSuite flushReport" time="0.0">
    <ignored/>
  </testcase> <!-- @AfterSuite flushReport -->
</testsuite> <!-- chrome - Smoke+Functional -->
