<?xml version="1.0" encoding="UTF-8"?>
<!-- Generated by org.testng.reporters.JUnitXMLReporter -->
<testsuite ignored="2" hostname="AKASH" failures="0" tests="5" name="Edge - Smoke+Functional" time="4.894" errors="0" timestamp="2025-08-30T22:11:22 IST">
  <testcase classname="com.automationexercise.tests.HomePageTest" name="verifyHomePageTitle" time="0.0">
    <skipped/>
  </testcase> <!-- verifyHomePageTitle -->
  <testcase classname="com.automationexercise.tests.LoginTest" name="verifyLogin" time="0.0">
    <skipped/>
  </testcase> <!-- verifyLogin -->
  <testcase classname="com.automationexercise.tests.LoginTest" name="verifyLogin" time="0.0">
    <skipped/>
  </testcase> <!-- verifyLogin -->
  <testcase classname="com.automationexercise.tests.HomePageTest" name="verifyLogoIsDisplayed" time="0.0">
    <skipped/>
  </testcase> <!-- verifyLogoIsDisplayed -->
  <testcase classname="com.automationexercise.tests.LoginTest" name="verifyLogout" time="0.0">
    <skipped/>
  </testcase> <!-- verifyLogout -->
  <testcase classname="com.automationexercise.base.BaseTest" name="@BeforeSuite setupReport" time="0.0">
    <ignored/>
  </testcase> <!-- @BeforeSuite setupReport -->
  <testcase classname="com.automationexercise.base.BaseTest" name="@AfterSuite flushReport" time="0.0">
    <ignored/>
  </testcase> <!-- @AfterSuite flushReport -->
</testsuite> <!-- Edge - Smoke+Functional -->
