<?xml version="1.0" encoding="UTF-8"?>
<!-- Generated by org.testng.reporters.JUnitXMLReporter -->
<testsuite ignored="2" hostname="AKASH" failures="0" tests="14" name="edge - Smoke+Functional" time="8.028" errors="0" timestamp="2025-09-02T21:55:58 IST">
  <testcase classname="com.automationexercise.tests.HomePageTest" name="verifyHomePageTitle" time="0.0">
    <skipped/>
  </testcase> <!-- verifyHomePageTitle -->
  <testcase classname="com.automationexercise.tests.HomePageTest" name="verifyLogoIsDisplayed" time="0.0">
    <skipped/>
  </testcase> <!-- verifyLogoIsDisplayed -->
  <testcase classname="com.automationexercise.tests.LoginTest" name="verifyLoginPageIsDisplayed" time="0.0">
    <skipped/>
  </testcase> <!-- verifyLoginPageIsDisplayed -->
  <testcase classname="com.automationexercise.tests.LoginTest" name="verifyLoginHeaderVisible" time="0.001">
    <skipped/>
  </testcase> <!-- verifyLoginHeaderVisible -->
  <testcase classname="com.automationexercise.tests.LoginTest" name="verifyNewUserSignupHeaderVisible" time="0.0">
    <skipped/>
  </testcase> <!-- verifyNewUserSignupHeaderVisible -->
  <testcase classname="com.automationexercise.tests.LoginTest" name="verifySignUpSectionIsDisplayed" time="0.0">
    <skipped/>
  </testcase> <!-- verifySignUpSectionIsDisplayed -->
  <testcase classname="com.automationexercise.tests.LoginTest" name="verifyUserRegistration" time="0.0">
    <skipped/>
  </testcase> <!-- verifyUserRegistration -->
  <testcase classname="com.automationexercise.tests.LoginTest" name="verifyEnterAccountInformationHeaderIsDisplayed" time="0.0">
    <skipped/>
  </testcase> <!-- verifyEnterAccountInformationHeaderIsDisplayed -->
  <testcase classname="com.automationexercise.tests.LoginTest" name="verifyAddressInformationHeaderIsDisplayed" time="0.0">
    <skipped/>
  </testcase> <!-- verifyAddressInformationHeaderIsDisplayed -->
  <testcase classname="com.automationexercise.tests.LoginTest" name="registerUserFromExcel" time="0.0">
    <skipped/>
  </testcase> <!-- registerUserFromExcel -->
  <testcase classname="com.automationexercise.tests.LoginTest" name="registerUserFromExcel" time="0.0">
    <skipped/>
  </testcase> <!-- registerUserFromExcel -->
  <testcase classname="com.automationexercise.tests.LoginTest" name="registerUserFromExcel" time="0.0">
    <skipped/>
  </testcase> <!-- registerUserFromExcel -->
  <testcase classname="com.automationexercise.tests.LoginTest" name="verifyLogin" time="0.0">
    <skipped/>
  </testcase> <!-- verifyLogin -->
  <testcase classname="com.automationexercise.tests.LoginTest" name="verifyLogout" time="0.0">
    <skipped/>
  </testcase> <!-- verifyLogout -->
  <testcase classname="com.automationexercise.base.BaseTest" name="@AfterSuite flushReport" time="0.0">
    <ignored/>
  </testcase> <!-- @AfterSuite flushReport -->
  <testcase classname="com.automationexercise.base.BaseTest" name="@BeforeSuite setupReport" time="0.0">
    <ignored/>
  </testcase> <!-- @BeforeSuite setupReport -->
</testsuite> <!-- edge - Smoke+Functional -->
