<?xml version="1.0" encoding="UTF-8"?>
<!-- Generated by org.testng.reporters.JUnitXMLReporter -->
<testsuite ignored="2" hostname="AKASH" failures="0" tests="6" name="Functional Tests" time="101.691" errors="0" timestamp="2025-08-30T01:13:31 IST">
  <testcase classname="com.automationexercise.tests.LoginTest" name="verifyLogin" time="14.025"/>
  <testcase classname="com.automationexercise.tests.LoginTest" name="verifyLogin" time="13.044"/>
  <testcase classname="com.automationexercise.tests.LoginTest" name="verifyLogout" time="15.148"/>
  <testcase classname="com.automationexercise.tests.LoginTest" name="verifyLogout" time="7.727"/>
  <testcase classname="com.automationexercise.tests.HomePageTest" name="verifyHomePageTitle" time="36.809"/>
  <testcase classname="com.automationexercise.tests.HomePageTest" name="verifyLogoIsDisplayed" time="5.369"/>
  <testcase classname="com.automationexercise.base.BaseTest" name="@BeforeSuite setupReport" time="0.0">
    <ignored/>
  </testcase> <!-- @BeforeSuite setupReport -->
  <testcase classname="com.automationexercise.base.BaseTest" name="@AfterSuite flushReport" time="0.0">
    <ignored/>
  </testcase> <!-- @AfterSuite flushReport -->
</testsuite> <!-- Functional Tests -->
