<?xml version="1.0" encoding="UTF-8"?>
<!-- Generated by org.testng.reporters.JUnitXMLReporter -->
<testsuite ignored="0" hostname="AKASH" failures="0" tests="2" name="Chrome - Smoke+Functional" time="43.618" errors="0" timestamp="2025-09-02T11:30:38 IST">
  <testcase classname="com.automationexercise.tests.HomePageTest" name="verifyHomePageTitle" time="34.902"/>
  <testcase classname="com.automationexercise.tests.HomePageTest" name="verifyLogoIsDisplayed" time="4.722"/>
</testsuite> <!-- Chrome - Smoke+Functional -->
