<?xml version="1.0" encoding="UTF-8"?>
<testng-results ignored="4" total="7" passed="3" failed="0" skipped="0">
  <reporter-output>
  </reporter-output>
  <suite started-at="2025-09-04T15:37:11 IST" name="Default suite" finished-at="2025-09-04T15:37:35 IST" duration-ms="24160">
    <groups>
      <group name="functional">
        <method signature="SubscriptionTest.testSubscriptionForm(java.lang.String,java.lang.String)[pri:0, instance:com.automationexercise.tests.SubscriptionTest@25e2ab5a]" name="testSubscriptionForm" class="com.automationexercise.tests.SubscriptionTest"/>
      </group> <!-- functional -->
      <group name="Regression">
        <method signature="SubscriptionTest.testSubscriptionForm(java.lang.String,java.lang.String)[pri:0, instance:com.automationexercise.tests.SubscriptionTest@25e2ab5a]" name="testSubscriptionForm" class="com.automationexercise.tests.SubscriptionTest"/>
      </group> <!-- Regression -->
      <group name="Data-driven">
        <method signature="SubscriptionTest.testSubscriptionForm(java.lang.String,java.lang.String)[pri:0, instance:com.automationexercise.tests.SubscriptionTest@25e2ab5a]" name="testSubscriptionForm" class="com.automationexercise.tests.SubscriptionTest"/>
      </group> <!-- Data-driven -->
    </groups>
    <test started-at="2025-09-04T15:37:11 IST" name="Default test" finished-at="2025-09-04T15:37:35 IST" duration-ms="24160">
      <class name="com.automationexercise.tests.SubscriptionTest">
        <test-method is-config="true" signature="setupReport()[pri:0, instance:com.automationexercise.tests.SubscriptionTest@25e2ab5a]" started-at="2025-09-04T15:37:11 IST" name="setupReport" finished-at="2025-09-04T15:37:11 IST" duration-ms="285" status="PASS">
          <reporter-output>
          </reporter-output>
        </test-method> <!-- setupReport -->
        <test-method is-config="true" signature="setup(java.lang.String,java.lang.String,java.lang.reflect.Method,[Ljava.lang.Object;)[pri:0, instance:com.automationexercise.tests.SubscriptionTest@25e2ab5a]" started-at="2025-09-04T15:37:12 IST" name="setup" finished-at="2025-09-04T15:37:15 IST" duration-ms="2517" status="PASS">
          <params>
            <param index="0">
              <value>
                <![CDATA[chrome]]>
              </value>
            </param>
            <param index="1">
              <value>
                <![CDATA[false]]>
              </value>
            </param>
            <param index="2">
              <value>
                <![CDATA[public void com.automationexercise.tests.SubscriptionTest.testSubscriptionForm(java.lang.String,java.lang.String)]]>
              </value>
            </param>
            <param index="3">
              <value>
                <![CDATA[[Ljava.lang.Object;@565d7d2f]]>
              </value>
            </param>
          </params>
          <reporter-output>
          </reporter-output>
        </test-method> <!-- setup -->
        <test-method signature="testSubscriptionForm(java.lang.String,java.lang.String)[pri:0, instance:com.automationexercise.tests.SubscriptionTest@25e2ab5a]" started-at="2025-09-04T15:37:15 IST" name="testSubscriptionForm" data-provider="subscriptionData" finished-at="2025-09-04T15:37:21 IST" duration-ms="5916" status="PASS">
          <params>
            <param index="0">
              <value>
                <![CDATA[valid@example.com]]>
              </value>
            </param>
            <param index="1">
              <value>
                <![CDATA[You have been successfully subscribed!]]>
              </value>
            </param>
          </params>
          <reporter-output>
          </reporter-output>
        </test-method> <!-- testSubscriptionForm -->
        <test-method is-config="true" signature="teardown(org.testng.ITestResult)[pri:0, instance:com.automationexercise.tests.SubscriptionTest@25e2ab5a]" started-at="2025-09-04T15:37:21 IST" name="teardown" finished-at="2025-09-04T15:37:21 IST" duration-ms="498" status="PASS">
          <params>
            <param index="0">
              <value>
                <![CDATA[[TestResult name=testSubscriptionForm status=SUCCESS method=SubscriptionTest.testSubscriptionForm(java.lang.String,java.lang.String)[pri:0, instance:com.automationexercise.tests.SubscriptionTest@25e2ab5a] output={null}]]]>
              </value>
            </param>
          </params>
          <reporter-output>
          </reporter-output>
        </test-method> <!-- teardown -->
        <test-method is-config="true" signature="setup(java.lang.String,java.lang.String,java.lang.reflect.Method,[Ljava.lang.Object;)[pri:0, instance:com.automationexercise.tests.SubscriptionTest@25e2ab5a]" started-at="2025-09-04T15:37:21 IST" name="setup" finished-at="2025-09-04T15:37:22 IST" duration-ms="1395" status="PASS">
          <params>
            <param index="0">
              <value>
                <![CDATA[chrome]]>
              </value>
            </param>
            <param index="1">
              <value>
                <![CDATA[false]]>
              </value>
            </param>
            <param index="2">
              <value>
                <![CDATA[public void com.automationexercise.tests.SubscriptionTest.testSubscriptionForm(java.lang.String,java.lang.String)]]>
              </value>
            </param>
            <param index="3">
              <value>
                <![CDATA[[Ljava.lang.Object;@6aea99e7]]>
              </value>
            </param>
          </params>
          <reporter-output>
          </reporter-output>
        </test-method> <!-- setup -->
        <test-method signature="testSubscriptionForm(java.lang.String,java.lang.String)[pri:0, instance:com.automationexercise.tests.SubscriptionTest@25e2ab5a]" started-at="2025-09-04T15:37:22 IST" name="testSubscriptionForm" data-provider="subscriptionData" finished-at="2025-09-04T15:37:27 IST" duration-ms="4480" status="PASS">
          <params>
            <param index="0">
              <value>
                <![CDATA[]]>
              </value>
            </param>
            <param index="1">
              <value>
                <![CDATA[Please fill out this field]]>
              </value>
            </param>
          </params>
          <reporter-output>
          </reporter-output>
        </test-method> <!-- testSubscriptionForm -->
        <test-method is-config="true" signature="teardown(org.testng.ITestResult)[pri:0, instance:com.automationexercise.tests.SubscriptionTest@25e2ab5a]" started-at="2025-09-04T15:37:27 IST" name="teardown" finished-at="2025-09-04T15:37:28 IST" duration-ms="1065" status="PASS">
          <params>
            <param index="0">
              <value>
                <![CDATA[[TestResult name=testSubscriptionForm status=SUCCESS method=SubscriptionTest.testSubscriptionForm(java.lang.String,java.lang.String)[pri:0, instance:com.automationexercise.tests.SubscriptionTest@25e2ab5a] output={null}]]]>
              </value>
            </param>
          </params>
          <reporter-output>
          </reporter-output>
        </test-method> <!-- teardown -->
        <test-method is-config="true" signature="setup(java.lang.String,java.lang.String,java.lang.reflect.Method,[Ljava.lang.Object;)[pri:0, instance:com.automationexercise.tests.SubscriptionTest@25e2ab5a]" started-at="2025-09-04T15:37:28 IST" name="setup" finished-at="2025-09-04T15:37:30 IST" duration-ms="1748" status="PASS">
          <params>
            <param index="0">
              <value>
                <![CDATA[chrome]]>
              </value>
            </param>
            <param index="1">
              <value>
                <![CDATA[false]]>
              </value>
            </param>
            <param index="2">
              <value>
                <![CDATA[public void com.automationexercise.tests.SubscriptionTest.testSubscriptionForm(java.lang.String,java.lang.String)]]>
              </value>
            </param>
            <param index="3">
              <value>
                <![CDATA[[Ljava.lang.Object;@1c6a0103]]>
              </value>
            </param>
          </params>
          <reporter-output>
          </reporter-output>
        </test-method> <!-- setup -->
        <test-method signature="testSubscriptionForm(java.lang.String,java.lang.String)[pri:0, instance:com.automationexercise.tests.SubscriptionTest@25e2ab5a]" started-at="2025-09-04T15:37:30 IST" name="testSubscriptionForm" data-provider="subscriptionData" finished-at="2025-09-04T15:37:35 IST" duration-ms="4941" status="PASS">
          <params>
            <param index="0">
              <value>
                <![CDATA[invalidemail]]>
              </value>
            </param>
            <param index="1">
              <value>
                <![CDATA[Please include an '@' in the email address]]>
              </value>
            </param>
          </params>
          <reporter-output>
          </reporter-output>
        </test-method> <!-- testSubscriptionForm -->
        <test-method is-config="true" signature="teardown(org.testng.ITestResult)[pri:0, instance:com.automationexercise.tests.SubscriptionTest@25e2ab5a]" started-at="2025-09-04T15:37:35 IST" name="teardown" finished-at="2025-09-04T15:37:35 IST" duration-ms="422" status="PASS">
          <params>
            <param index="0">
              <value>
                <![CDATA[[TestResult name=testSubscriptionForm status=SUCCESS method=SubscriptionTest.testSubscriptionForm(java.lang.String,java.lang.String)[pri:0, instance:com.automationexercise.tests.SubscriptionTest@25e2ab5a] output={null}]]]>
              </value>
            </param>
          </params>
          <reporter-output>
          </reporter-output>
        </test-method> <!-- teardown -->
        <test-method is-config="true" signature="flushReport()[pri:0, instance:com.automationexercise.tests.SubscriptionTest@25e2ab5a]" started-at="2025-09-04T15:37:35 IST" name="flushReport" finished-at="2025-09-04T15:37:36 IST" duration-ms="449" status="PASS">
          <reporter-output>
          </reporter-output>
        </test-method> <!-- flushReport -->
      </class> <!-- com.automationexercise.tests.SubscriptionTest -->
    </test> <!-- Default test -->
  </suite> <!-- Default suite -->
</testng-results>
