<?xml version="1.0" encoding="UTF-8"?>
<testng-results ignored="0" total="11" passed="11" failed="0" skipped="0">
  <reporter-output>
  </reporter-output>
  <suite started-at="2025-09-03T19:07:35 IST" name="Default suite" finished-at="2025-09-03T19:09:21 IST" duration-ms="106175">
    <groups>
      <group name="functional">
        <method signature="ContactUsTest.testContactUsForm(java.lang.String,java.lang.String,java.lang.String,java.lang.String,java.lang.String)[pri:0, instance:com.automationexercise.tests.ContactUsTest@25a6944c]" name="testContactUsForm" class="com.automationexercise.tests.ContactUsTest"/>
      </group> <!-- functional -->
      <group name="ui">
        <method signature="ContactUsTest.verifyAllInputFieldsVisible()[pri:0, instance:com.automationexercise.tests.ContactUsTest@25a6944c]" name="verifyAllInputFieldsVisible" class="com.automationexercise.tests.ContactUsTest"/>
        <method signature="ContactUsTest.verifyContactUsPageLoadsProperly()[pri:0, instance:com.automationexercise.tests.ContactUsTest@25a6944c]" name="verifyContactUsPageLoadsProperly" class="com.automationexercise.tests.ContactUsTest"/>
        <method signature="ContactUsTest.verifyContactUsPageTitle()[pri:0, instance:com.automationexercise.tests.ContactUsTest@25a6944c]" name="verifyContactUsPageTitle" class="com.automationexercise.tests.ContactUsTest"/>
        <method signature="ContactUsTest.verifyFeedbackSectionVisible()[pri:0, instance:com.automationexercise.tests.ContactUsTest@25a6944c]" name="verifyFeedbackSectionVisible" class="com.automationexercise.tests.ContactUsTest"/>
        <method signature="ContactUsTest.verifyPlaceholderTexts()[pri:0, instance:com.automationexercise.tests.ContactUsTest@25a6944c]" name="verifyPlaceholderTexts" class="com.automationexercise.tests.ContactUsTest"/>
        <method signature="ContactUsTest.verifySubmitButtonEnabled()[pri:0, instance:com.automationexercise.tests.ContactUsTest@25a6944c]" name="verifySubmitButtonEnabled" class="com.automationexercise.tests.ContactUsTest"/>
      </group> <!-- ui -->
      <group name="smoke">
        <method signature="ContactUsTest.verifyContactUsPageLoadsProperly()[pri:0, instance:com.automationexercise.tests.ContactUsTest@25a6944c]" name="verifyContactUsPageLoadsProperly" class="com.automationexercise.tests.ContactUsTest"/>
        <method signature="ContactUsTest.verifyContactUsPageTitle()[pri:0, instance:com.automationexercise.tests.ContactUsTest@25a6944c]" name="verifyContactUsPageTitle" class="com.automationexercise.tests.ContactUsTest"/>
      </group> <!-- smoke -->
      <group name="Regression">
        <method signature="ContactUsTest.testContactUsForm(java.lang.String,java.lang.String,java.lang.String,java.lang.String,java.lang.String)[pri:0, instance:com.automationexercise.tests.ContactUsTest@25a6944c]" name="testContactUsForm" class="com.automationexercise.tests.ContactUsTest"/>
        <method signature="ContactUsTest.verifyAllInputFieldsVisible()[pri:0, instance:com.automationexercise.tests.ContactUsTest@25a6944c]" name="verifyAllInputFieldsVisible" class="com.automationexercise.tests.ContactUsTest"/>
        <method signature="ContactUsTest.verifyContactUsPageLoadsProperly()[pri:0, instance:com.automationexercise.tests.ContactUsTest@25a6944c]" name="verifyContactUsPageLoadsProperly" class="com.automationexercise.tests.ContactUsTest"/>
        <method signature="ContactUsTest.verifyContactUsPageTitle()[pri:0, instance:com.automationexercise.tests.ContactUsTest@25a6944c]" name="verifyContactUsPageTitle" class="com.automationexercise.tests.ContactUsTest"/>
        <method signature="ContactUsTest.verifyFeedbackSectionVisible()[pri:0, instance:com.automationexercise.tests.ContactUsTest@25a6944c]" name="verifyFeedbackSectionVisible" class="com.automationexercise.tests.ContactUsTest"/>
        <method signature="ContactUsTest.verifyPlaceholderTexts()[pri:0, instance:com.automationexercise.tests.ContactUsTest@25a6944c]" name="verifyPlaceholderTexts" class="com.automationexercise.tests.ContactUsTest"/>
        <method signature="ContactUsTest.verifySubmitButtonEnabled()[pri:0, instance:com.automationexercise.tests.ContactUsTest@25a6944c]" name="verifySubmitButtonEnabled" class="com.automationexercise.tests.ContactUsTest"/>
      </group> <!-- Regression -->
      <group name="Data-driven">
        <method signature="ContactUsTest.testContactUsForm(java.lang.String,java.lang.String,java.lang.String,java.lang.String,java.lang.String)[pri:0, instance:com.automationexercise.tests.ContactUsTest@25a6944c]" name="testContactUsForm" class="com.automationexercise.tests.ContactUsTest"/>
      </group> <!-- Data-driven -->
    </groups>
    <test started-at="2025-09-03T19:07:35 IST" name="Default test" finished-at="2025-09-03T19:09:21 IST" duration-ms="106175">
      <class name="com.automationexercise.tests.ContactUsTest">
        <test-method is-config="true" signature="setupReport()[pri:0, instance:com.automationexercise.tests.ContactUsTest@25a6944c]" started-at="2025-09-03T19:07:35 IST" name="setupReport" finished-at="2025-09-03T19:07:35 IST" duration-ms="279" status="PASS">
          <reporter-output>
          </reporter-output>
        </test-method> <!-- setupReport -->
        <test-method is-config="true" signature="setup(java.lang.String,java.lang.String,java.lang.reflect.Method,[Ljava.lang.Object;)[pri:0, instance:com.automationexercise.tests.ContactUsTest@25a6944c]" started-at="2025-09-03T19:07:36 IST" name="setup" finished-at="2025-09-03T19:07:38 IST" duration-ms="1772" status="PASS">
          <params>
            <param index="0">
              <value>
                <![CDATA[chrome]]>
              </value>
            </param>
            <param index="1">
              <value>
                <![CDATA[false]]>
              </value>
            </param>
            <param index="2">
              <value>
                <![CDATA[public void com.automationexercise.tests.ContactUsTest.testContactUsForm(java.lang.String,java.lang.String,java.lang.String,java.lang.String,java.lang.String)]]>
              </value>
            </param>
            <param index="3">
              <value>
                <![CDATA[[Ljava.lang.Object;@459bf87c]]>
              </value>
            </param>
          </params>
          <reporter-output>
          </reporter-output>
        </test-method> <!-- setup -->
        <test-method signature="testContactUsForm(java.lang.String,java.lang.String,java.lang.String,java.lang.String,java.lang.String)[pri:0, instance:com.automationexercise.tests.ContactUsTest@25a6944c]" started-at="2025-09-03T19:07:38 IST" name="testContactUsForm" data-provider="contactUsData" finished-at="2025-09-03T19:07:42 IST" duration-ms="4591" status="PASS">
          <params>
            <param index="0">
              <value>
                <![CDATA[John Doe]]>
              </value>
            </param>
            <param index="1">
              <value>
                <![CDATA[john@example.com]]>
              </value>
            </param>
            <param index="2">
              <value>
                <![CDATA[Test Subject 1]]>
              </value>
            </param>
            <param index="3">
              <value>
                <![CDATA[This is a test message.]]>
              </value>
            </param>
            <param index="4">
              <value>
                <![CDATA[Success! Your details have been submitted successfully.]]>
              </value>
            </param>
          </params>
          <reporter-output>
          </reporter-output>
        </test-method> <!-- testContactUsForm -->
        <test-method is-config="true" signature="teardown(org.testng.ITestResult)[pri:0, instance:com.automationexercise.tests.ContactUsTest@25a6944c]" started-at="2025-09-03T19:07:42 IST" name="teardown" finished-at="2025-09-03T19:07:42 IST" duration-ms="230" status="PASS">
          <params>
            <param index="0">
              <value>
                <![CDATA[[TestResult name=testContactUsForm status=SUCCESS method=ContactUsTest.testContactUsForm(java.lang.String,java.lang.String,java.lang.String,java.lang.String,java.lang.String)[pri:0, instance:com.automationexercise.tests.ContactUsTest@25a6944c] output={null}]]]>
              </value>
            </param>
          </params>
          <reporter-output>
          </reporter-output>
        </test-method> <!-- teardown -->
        <test-method is-config="true" signature="setup(java.lang.String,java.lang.String,java.lang.reflect.Method,[Ljava.lang.Object;)[pri:0, instance:com.automationexercise.tests.ContactUsTest@25a6944c]" started-at="2025-09-03T19:07:42 IST" name="setup" finished-at="2025-09-03T19:07:43 IST" duration-ms="757" status="PASS">
          <params>
            <param index="0">
              <value>
                <![CDATA[chrome]]>
              </value>
            </param>
            <param index="1">
              <value>
                <![CDATA[false]]>
              </value>
            </param>
            <param index="2">
              <value>
                <![CDATA[public void com.automationexercise.tests.ContactUsTest.testContactUsForm(java.lang.String,java.lang.String,java.lang.String,java.lang.String,java.lang.String)]]>
              </value>
            </param>
            <param index="3">
              <value>
                <![CDATA[[Ljava.lang.Object;@5ae66c98]]>
              </value>
            </param>
          </params>
          <reporter-output>
          </reporter-output>
        </test-method> <!-- setup -->
        <test-method signature="testContactUsForm(java.lang.String,java.lang.String,java.lang.String,java.lang.String,java.lang.String)[pri:0, instance:com.automationexercise.tests.ContactUsTest@25a6944c]" started-at="2025-09-03T19:07:43 IST" name="testContactUsForm" data-provider="contactUsData" finished-at="2025-09-03T19:07:48 IST" duration-ms="4379" status="PASS">
          <params>
            <param index="0">
              <value>
                <![CDATA[Jane Smith]]>
              </value>
            </param>
            <param index="1">
              <value>
                <![CDATA[jane@example.com]]>
              </value>
            </param>
            <param index="2">
              <value>
                <![CDATA[Feedback]]>
              </value>
            </param>
            <param index="3">
              <value>
                <![CDATA[Loved the website!]]>
              </value>
            </param>
            <param index="4">
              <value>
                <![CDATA[Success! Your details have been submitted successfully.]]>
              </value>
            </param>
          </params>
          <reporter-output>
          </reporter-output>
        </test-method> <!-- testContactUsForm -->
        <test-method is-config="true" signature="teardown(org.testng.ITestResult)[pri:0, instance:com.automationexercise.tests.ContactUsTest@25a6944c]" started-at="2025-09-03T19:07:48 IST" name="teardown" finished-at="2025-09-03T19:07:48 IST" duration-ms="227" status="PASS">
          <params>
            <param index="0">
              <value>
                <![CDATA[[TestResult name=testContactUsForm status=SUCCESS method=ContactUsTest.testContactUsForm(java.lang.String,java.lang.String,java.lang.String,java.lang.String,java.lang.String)[pri:0, instance:com.automationexercise.tests.ContactUsTest@25a6944c] output={null}]]]>
              </value>
            </param>
          </params>
          <reporter-output>
          </reporter-output>
        </test-method> <!-- teardown -->
        <test-method is-config="true" signature="setup(java.lang.String,java.lang.String,java.lang.reflect.Method,[Ljava.lang.Object;)[pri:0, instance:com.automationexercise.tests.ContactUsTest@25a6944c]" started-at="2025-09-03T19:07:48 IST" name="setup" finished-at="2025-09-03T19:07:49 IST" duration-ms="854" status="PASS">
          <params>
            <param index="0">
              <value>
                <![CDATA[chrome]]>
              </value>
            </param>
            <param index="1">
              <value>
                <![CDATA[false]]>
              </value>
            </param>
            <param index="2">
              <value>
                <![CDATA[public void com.automationexercise.tests.ContactUsTest.testContactUsForm(java.lang.String,java.lang.String,java.lang.String,java.lang.String,java.lang.String)]]>
              </value>
            </param>
            <param index="3">
              <value>
                <![CDATA[[Ljava.lang.Object;@1aaf46e6]]>
              </value>
            </param>
          </params>
          <reporter-output>
          </reporter-output>
        </test-method> <!-- setup -->
        <test-method signature="testContactUsForm(java.lang.String,java.lang.String,java.lang.String,java.lang.String,java.lang.String)[pri:0, instance:com.automationexercise.tests.ContactUsTest@25a6944c]" started-at="2025-09-03T19:07:49 IST" name="testContactUsForm" data-provider="contactUsData" finished-at="2025-09-03T19:08:05 IST" duration-ms="16072" status="PASS">
          <params>
            <param index="0">
              <value>
                <![CDATA[Invalid]]>
              </value>
            </param>
            <param index="1">
              <value>
                <![CDATA[invalid-email]]>
              </value>
            </param>
            <param index="2">
              <value>
                <![CDATA[Test Error]]>
              </value>
            </param>
            <param index="3">
              <value>
                <![CDATA[Missing proper email format.]]>
              </value>
            </param>
            <param index="4">
              <value>
                <![CDATA[Please enter a valid email address.]]>
              </value>
            </param>
          </params>
          <reporter-output>
          </reporter-output>
        </test-method> <!-- testContactUsForm -->
        <test-method is-config="true" signature="teardown(org.testng.ITestResult)[pri:0, instance:com.automationexercise.tests.ContactUsTest@25a6944c]" started-at="2025-09-03T19:08:05 IST" name="teardown" finished-at="2025-09-03T19:08:05 IST" duration-ms="240" status="PASS">
          <params>
            <param index="0">
              <value>
                <![CDATA[[TestResult name=testContactUsForm status=SUCCESS method=ContactUsTest.testContactUsForm(java.lang.String,java.lang.String,java.lang.String,java.lang.String,java.lang.String)[pri:0, instance:com.automationexercise.tests.ContactUsTest@25a6944c] output={null}]]]>
              </value>
            </param>
          </params>
          <reporter-output>
          </reporter-output>
        </test-method> <!-- teardown -->
        <test-method is-config="true" signature="setup(java.lang.String,java.lang.String,java.lang.reflect.Method,[Ljava.lang.Object;)[pri:0, instance:com.automationexercise.tests.ContactUsTest@25a6944c]" started-at="2025-09-03T19:08:05 IST" name="setup" finished-at="2025-09-03T19:08:06 IST" duration-ms="785" status="PASS">
          <params>
            <param index="0">
              <value>
                <![CDATA[chrome]]>
              </value>
            </param>
            <param index="1">
              <value>
                <![CDATA[false]]>
              </value>
            </param>
            <param index="2">
              <value>
                <![CDATA[public void com.automationexercise.tests.ContactUsTest.testContactUsForm(java.lang.String,java.lang.String,java.lang.String,java.lang.String,java.lang.String)]]>
              </value>
            </param>
            <param index="3">
              <value>
                <![CDATA[[Ljava.lang.Object;@391d28ea]]>
              </value>
            </param>
          </params>
          <reporter-output>
          </reporter-output>
        </test-method> <!-- setup -->
        <test-method signature="testContactUsForm(java.lang.String,java.lang.String,java.lang.String,java.lang.String,java.lang.String)[pri:0, instance:com.automationexercise.tests.ContactUsTest@25a6944c]" started-at="2025-09-03T19:08:06 IST" name="testContactUsForm" data-provider="contactUsData" finished-at="2025-09-03T19:08:20 IST" duration-ms="14232" status="PASS">
          <params>
            <param index="0">
              <value>
                <![CDATA[Empty]]>
              </value>
            </param>
            <param index="1">
              <value>
                <![CDATA[]]>
              </value>
            </param>
            <param index="2">
              <value>
                <![CDATA[No Email]]>
              </value>
            </param>
            <param index="3">
              <value>
                <![CDATA[No email provided.]]>
              </value>
            </param>
            <param index="4">
              <value>
                <![CDATA[Email is required.]]>
              </value>
            </param>
          </params>
          <reporter-output>
          </reporter-output>
        </test-method> <!-- testContactUsForm -->
        <test-method is-config="true" signature="teardown(org.testng.ITestResult)[pri:0, instance:com.automationexercise.tests.ContactUsTest@25a6944c]" started-at="2025-09-03T19:08:20 IST" name="teardown" finished-at="2025-09-03T19:08:20 IST" duration-ms="261" status="PASS">
          <params>
            <param index="0">
              <value>
                <![CDATA[[TestResult name=testContactUsForm status=SUCCESS method=ContactUsTest.testContactUsForm(java.lang.String,java.lang.String,java.lang.String,java.lang.String,java.lang.String)[pri:0, instance:com.automationexercise.tests.ContactUsTest@25a6944c] output={null}]]]>
              </value>
            </param>
          </params>
          <reporter-output>
          </reporter-output>
        </test-method> <!-- teardown -->
        <test-method is-config="true" signature="setup(java.lang.String,java.lang.String,java.lang.reflect.Method,[Ljava.lang.Object;)[pri:0, instance:com.automationexercise.tests.ContactUsTest@25a6944c]" started-at="2025-09-03T19:08:20 IST" name="setup" finished-at="2025-09-03T19:08:21 IST" duration-ms="782" status="PASS">
          <params>
            <param index="0">
              <value>
                <![CDATA[chrome]]>
              </value>
            </param>
            <param index="1">
              <value>
                <![CDATA[false]]>
              </value>
            </param>
            <param index="2">
              <value>
                <![CDATA[public void com.automationexercise.tests.ContactUsTest.testContactUsForm(java.lang.String,java.lang.String,java.lang.String,java.lang.String,java.lang.String)]]>
              </value>
            </param>
            <param index="3">
              <value>
                <![CDATA[[Ljava.lang.Object;@23df7fad]]>
              </value>
            </param>
          </params>
          <reporter-output>
          </reporter-output>
        </test-method> <!-- setup -->
        <test-method signature="testContactUsForm(java.lang.String,java.lang.String,java.lang.String,java.lang.String,java.lang.String)[pri:0, instance:com.automationexercise.tests.ContactUsTest@25a6944c]" started-at="2025-09-03T19:08:21 IST" name="testContactUsForm" data-provider="contactUsData" finished-at="2025-09-03T19:08:26 IST" duration-ms="4702" status="PASS">
          <params>
            <param index="0">
              <value>
                <![CDATA[Long Text]]>
              </value>
            </param>
            <param index="1">
              <value>
                <![CDATA[longtext@example.com]]>
              </value>
            </param>
            <param index="2">
              <value>
                <![CDATA[Test Long]]>
              </value>
            </param>
            <param index="3">
              <value>
                <![CDATA[Lorem ipsum dolor sit amet...]]>
              </value>
            </param>
            <param index="4">
              <value>
                <![CDATA[Success! Your details have been submitted successfully.]]>
              </value>
            </param>
          </params>
          <reporter-output>
          </reporter-output>
        </test-method> <!-- testContactUsForm -->
        <test-method is-config="true" signature="teardown(org.testng.ITestResult)[pri:0, instance:com.automationexercise.tests.ContactUsTest@25a6944c]" started-at="2025-09-03T19:08:26 IST" name="teardown" finished-at="2025-09-03T19:08:26 IST" duration-ms="205" status="PASS">
          <params>
            <param index="0">
              <value>
                <![CDATA[[TestResult name=testContactUsForm status=SUCCESS method=ContactUsTest.testContactUsForm(java.lang.String,java.lang.String,java.lang.String,java.lang.String,java.lang.String)[pri:0, instance:com.automationexercise.tests.ContactUsTest@25a6944c] output={null}]]]>
              </value>
            </param>
          </params>
          <reporter-output>
          </reporter-output>
        </test-method> <!-- teardown -->
        <test-method is-config="true" signature="setup(java.lang.String,java.lang.String,java.lang.reflect.Method,[Ljava.lang.Object;)[pri:0, instance:com.automationexercise.tests.ContactUsTest@25a6944c]" started-at="2025-09-03T19:08:26 IST" name="setup" finished-at="2025-09-03T19:08:27 IST" duration-ms="748" status="PASS">
          <params>
            <param index="0">
              <value>
                <![CDATA[chrome]]>
              </value>
            </param>
            <param index="1">
              <value>
                <![CDATA[false]]>
              </value>
            </param>
            <param index="2">
              <value>
                <![CDATA[public void com.automationexercise.tests.ContactUsTest.verifyAllInputFieldsVisible()]]>
              </value>
            </param>
            <param index="3">
              <value>
                <![CDATA[[Ljava.lang.Object;@d7055be]]>
              </value>
            </param>
          </params>
          <reporter-output>
          </reporter-output>
        </test-method> <!-- setup -->
        <test-method signature="verifyAllInputFieldsVisible()[pri:0, instance:com.automationexercise.tests.ContactUsTest@25a6944c]" started-at="2025-09-03T19:08:27 IST" name="verifyAllInputFieldsVisible" finished-at="2025-09-03T19:08:30 IST" duration-ms="3311" status="PASS">
          <reporter-output>
          </reporter-output>
        </test-method> <!-- verifyAllInputFieldsVisible -->
        <test-method is-config="true" signature="teardown(org.testng.ITestResult)[pri:0, instance:com.automationexercise.tests.ContactUsTest@25a6944c]" started-at="2025-09-03T19:08:30 IST" name="teardown" finished-at="2025-09-03T19:08:30 IST" duration-ms="216" status="PASS">
          <params>
            <param index="0">
              <value>
                <![CDATA[[TestResult name=verifyAllInputFieldsVisible status=SUCCESS method=ContactUsTest.verifyAllInputFieldsVisible()[pri:0, instance:com.automationexercise.tests.ContactUsTest@25a6944c] output={null}]]]>
              </value>
            </param>
          </params>
          <reporter-output>
          </reporter-output>
        </test-method> <!-- teardown -->
        <test-method is-config="true" signature="setup(java.lang.String,java.lang.String,java.lang.reflect.Method,[Ljava.lang.Object;)[pri:0, instance:com.automationexercise.tests.ContactUsTest@25a6944c]" started-at="2025-09-03T19:08:30 IST" name="setup" finished-at="2025-09-03T19:08:31 IST" duration-ms="725" status="PASS">
          <params>
            <param index="0">
              <value>
                <![CDATA[chrome]]>
              </value>
            </param>
            <param index="1">
              <value>
                <![CDATA[false]]>
              </value>
            </param>
            <param index="2">
              <value>
                <![CDATA[public void com.automationexercise.tests.ContactUsTest.verifyContactUsPageLoadsProperly()]]>
              </value>
            </param>
            <param index="3">
              <value>
                <![CDATA[[Ljava.lang.Object;@768f4b42]]>
              </value>
            </param>
          </params>
          <reporter-output>
          </reporter-output>
        </test-method> <!-- setup -->
        <test-method signature="verifyContactUsPageLoadsProperly()[pri:0, instance:com.automationexercise.tests.ContactUsTest@25a6944c]" started-at="2025-09-03T19:08:31 IST" name="verifyContactUsPageLoadsProperly" finished-at="2025-09-03T19:08:34 IST" duration-ms="3272" status="PASS">
          <reporter-output>
          </reporter-output>
        </test-method> <!-- verifyContactUsPageLoadsProperly -->
        <test-method is-config="true" signature="teardown(org.testng.ITestResult)[pri:0, instance:com.automationexercise.tests.ContactUsTest@25a6944c]" started-at="2025-09-03T19:08:34 IST" name="teardown" finished-at="2025-09-03T19:08:34 IST" duration-ms="177" status="PASS">
          <params>
            <param index="0">
              <value>
                <![CDATA[[TestResult name=verifyContactUsPageLoadsProperly status=SUCCESS method=ContactUsTest.verifyContactUsPageLoadsProperly()[pri:0, instance:com.automationexercise.tests.ContactUsTest@25a6944c] output={null}]]]>
              </value>
            </param>
          </params>
          <reporter-output>
          </reporter-output>
        </test-method> <!-- teardown -->
        <test-method is-config="true" signature="setup(java.lang.String,java.lang.String,java.lang.reflect.Method,[Ljava.lang.Object;)[pri:0, instance:com.automationexercise.tests.ContactUsTest@25a6944c]" started-at="2025-09-03T19:08:34 IST" name="setup" finished-at="2025-09-03T19:08:35 IST" duration-ms="730" status="PASS">
          <params>
            <param index="0">
              <value>
                <![CDATA[chrome]]>
              </value>
            </param>
            <param index="1">
              <value>
                <![CDATA[false]]>
              </value>
            </param>
            <param index="2">
              <value>
                <![CDATA[public void com.automationexercise.tests.ContactUsTest.verifyContactUsPageTitle()]]>
              </value>
            </param>
            <param index="3">
              <value>
                <![CDATA[[Ljava.lang.Object;@12a6e8ed]]>
              </value>
            </param>
          </params>
          <reporter-output>
          </reporter-output>
        </test-method> <!-- setup -->
        <test-method signature="verifyContactUsPageTitle()[pri:0, instance:com.automationexercise.tests.ContactUsTest@25a6944c]" started-at="2025-09-03T19:08:35 IST" name="verifyContactUsPageTitle" finished-at="2025-09-03T19:09:07 IST" duration-ms="31921" status="PASS">
          <reporter-output>
          </reporter-output>
        </test-method> <!-- verifyContactUsPageTitle -->
        <test-method is-config="true" signature="teardown(org.testng.ITestResult)[pri:0, instance:com.automationexercise.tests.ContactUsTest@25a6944c]" started-at="2025-09-03T19:09:07 IST" name="teardown" finished-at="2025-09-03T19:09:07 IST" duration-ms="236" status="PASS">
          <params>
            <param index="0">
              <value>
                <![CDATA[[TestResult name=verifyContactUsPageTitle status=SUCCESS method=ContactUsTest.verifyContactUsPageTitle()[pri:0, instance:com.automationexercise.tests.ContactUsTest@25a6944c] output={null}]]]>
              </value>
            </param>
          </params>
          <reporter-output>
          </reporter-output>
        </test-method> <!-- teardown -->
        <test-method is-config="true" signature="setup(java.lang.String,java.lang.String,java.lang.reflect.Method,[Ljava.lang.Object;)[pri:0, instance:com.automationexercise.tests.ContactUsTest@25a6944c]" started-at="2025-09-03T19:09:07 IST" name="setup" finished-at="2025-09-03T19:09:08 IST" duration-ms="738" status="PASS">
          <params>
            <param index="0">
              <value>
                <![CDATA[chrome]]>
              </value>
            </param>
            <param index="1">
              <value>
                <![CDATA[false]]>
              </value>
            </param>
            <param index="2">
              <value>
                <![CDATA[public void com.automationexercise.tests.ContactUsTest.verifyFeedbackSectionVisible()]]>
              </value>
            </param>
            <param index="3">
              <value>
                <![CDATA[[Ljava.lang.Object;@63b4b9c6]]>
              </value>
            </param>
          </params>
          <reporter-output>
          </reporter-output>
        </test-method> <!-- setup -->
        <test-method signature="verifyFeedbackSectionVisible()[pri:0, instance:com.automationexercise.tests.ContactUsTest@25a6944c]" started-at="2025-09-03T19:09:08 IST" name="verifyFeedbackSectionVisible" finished-at="2025-09-03T19:09:11 IST" duration-ms="3169" status="PASS">
          <reporter-output>
          </reporter-output>
        </test-method> <!-- verifyFeedbackSectionVisible -->
        <test-method is-config="true" signature="teardown(org.testng.ITestResult)[pri:0, instance:com.automationexercise.tests.ContactUsTest@25a6944c]" started-at="2025-09-03T19:09:11 IST" name="teardown" finished-at="2025-09-03T19:09:11 IST" duration-ms="180" status="PASS">
          <params>
            <param index="0">
              <value>
                <![CDATA[[TestResult name=verifyFeedbackSectionVisible status=SUCCESS method=ContactUsTest.verifyFeedbackSectionVisible()[pri:0, instance:com.automationexercise.tests.ContactUsTest@25a6944c] output={null}]]]>
              </value>
            </param>
          </params>
          <reporter-output>
          </reporter-output>
        </test-method> <!-- teardown -->
        <test-method is-config="true" signature="setup(java.lang.String,java.lang.String,java.lang.reflect.Method,[Ljava.lang.Object;)[pri:0, instance:com.automationexercise.tests.ContactUsTest@25a6944c]" started-at="2025-09-03T19:09:11 IST" name="setup" finished-at="2025-09-03T19:09:12 IST" duration-ms="770" status="PASS">
          <params>
            <param index="0">
              <value>
                <![CDATA[chrome]]>
              </value>
            </param>
            <param index="1">
              <value>
                <![CDATA[false]]>
              </value>
            </param>
            <param index="2">
              <value>
                <![CDATA[public void com.automationexercise.tests.ContactUsTest.verifyPlaceholderTexts()]]>
              </value>
            </param>
            <param index="3">
              <value>
                <![CDATA[[Ljava.lang.Object;@6c66ddab]]>
              </value>
            </param>
          </params>
          <reporter-output>
          </reporter-output>
        </test-method> <!-- setup -->
        <test-method signature="verifyPlaceholderTexts()[pri:0, instance:com.automationexercise.tests.ContactUsTest@25a6944c]" started-at="2025-09-03T19:09:12 IST" name="verifyPlaceholderTexts" finished-at="2025-09-03T19:09:15 IST" duration-ms="3368" status="PASS">
          <reporter-output>
          </reporter-output>
        </test-method> <!-- verifyPlaceholderTexts -->
        <test-method is-config="true" signature="teardown(org.testng.ITestResult)[pri:0, instance:com.automationexercise.tests.ContactUsTest@25a6944c]" started-at="2025-09-03T19:09:16 IST" name="teardown" finished-at="2025-09-03T19:09:16 IST" duration-ms="209" status="PASS">
          <params>
            <param index="0">
              <value>
                <![CDATA[[TestResult name=verifyPlaceholderTexts status=SUCCESS method=ContactUsTest.verifyPlaceholderTexts()[pri:0, instance:com.automationexercise.tests.ContactUsTest@25a6944c] output={null}]]]>
              </value>
            </param>
          </params>
          <reporter-output>
          </reporter-output>
        </test-method> <!-- teardown -->
        <test-method is-config="true" signature="setup(java.lang.String,java.lang.String,java.lang.reflect.Method,[Ljava.lang.Object;)[pri:0, instance:com.automationexercise.tests.ContactUsTest@25a6944c]" started-at="2025-09-03T19:09:16 IST" name="setup" finished-at="2025-09-03T19:09:16 IST" duration-ms="734" status="PASS">
          <params>
            <param index="0">
              <value>
                <![CDATA[chrome]]>
              </value>
            </param>
            <param index="1">
              <value>
                <![CDATA[false]]>
              </value>
            </param>
            <param index="2">
              <value>
                <![CDATA[public void com.automationexercise.tests.ContactUsTest.verifySubmitButtonEnabled()]]>
              </value>
            </param>
            <param index="3">
              <value>
                <![CDATA[[Ljava.lang.Object;@603f4e3e]]>
              </value>
            </param>
          </params>
          <reporter-output>
          </reporter-output>
        </test-method> <!-- setup -->
        <test-method signature="verifySubmitButtonEnabled()[pri:0, instance:com.automationexercise.tests.ContactUsTest@25a6944c]" started-at="2025-09-03T19:09:16 IST" name="verifySubmitButtonEnabled" finished-at="2025-09-03T19:09:21 IST" duration-ms="4373" status="PASS">
          <reporter-output>
          </reporter-output>
        </test-method> <!-- verifySubmitButtonEnabled -->
        <test-method is-config="true" signature="teardown(org.testng.ITestResult)[pri:0, instance:com.automationexercise.tests.ContactUsTest@25a6944c]" started-at="2025-09-03T19:09:21 IST" name="teardown" finished-at="2025-09-03T19:09:21 IST" duration-ms="199" status="PASS">
          <params>
            <param index="0">
              <value>
                <![CDATA[[TestResult name=verifySubmitButtonEnabled status=SUCCESS method=ContactUsTest.verifySubmitButtonEnabled()[pri:0, instance:com.automationexercise.tests.ContactUsTest@25a6944c] output={null}]]]>
              </value>
            </param>
          </params>
          <reporter-output>
          </reporter-output>
        </test-method> <!-- teardown -->
        <test-method is-config="true" signature="flushReport()[pri:0, instance:com.automationexercise.tests.ContactUsTest@25a6944c]" started-at="2025-09-03T19:09:21 IST" name="flushReport" finished-at="2025-09-03T19:09:22 IST" duration-ms="494" status="PASS">
          <reporter-output>
          </reporter-output>
        </test-method> <!-- flushReport -->
      </class> <!-- com.automationexercise.tests.ContactUsTest -->
    </test> <!-- Default test -->
  </suite> <!-- Default suite -->
</testng-results>
